Arguments: 
  C:\Program Files\nodejs\node.exe C:\Users\mhass\AppData\Roaming\npm\node_modules\yarn\bin\yarn.js add jsonwebtoken

PATH: 
  C:\Program Files (x86)\Common Files\Oracle\Java\javapath;C:\Windows\system32;C:\Windows;C:\Windows\System32\Wbem;C:\Windows\System32\WindowsPowerShell\v1.0\;C:\Windows\System32\OpenSSH\;C:\Program Files\nodejs\;C:\ProgramData\chocolatey\bin;C:\Program Files\OpenJDK\openjdk-8u292-b10\bin;C:\Program Files\Git\cmd;C:\Program Files\Git\mingw64\bin;C:\Program Files\Git\usr\bin;C:\Python27;C:\Users\mhass\AppData\Local\Programs\Python\Python38\Scripts\;C:\Users\mhass\AppData\Local\Programs\Python\Python38\;C:\Users\mhass\AppData\Local\Microsoft\WindowsApps;C:\Program Files\JetBrains\PyCharm Community Edition 2021.1.1\bin;;C:\Users\mhass\AppData\Roaming\npm;C:\Users\mhass\AppData\Local\Programs\Microsoft VS Code\bin;C:\Program Files\nodejs;C:\Users\mhass\AppData\Local\Android\Sdk\platform-tools;C:\Program Files\Git\bin\;C:\Program Files\Git\cmd\;C:\Users\mhass\AppData\Local\GitHubDesktop\bin

Yarn version: 
  1.22.10

Node version: 
  14.17.0

Platform: 
  win32 x64

Trace: 
  Error: EPERM: operation not permitted, unlink 'C:\Users\mhass\Programming\lendit\node_modules\bcrypt\lib\binding\napi-v3\bcrypt_lib.node'

npm manifest: 
  {
  	"name": "lendit",
  	"version": "1.0.0",
  	"description": "",
  	"main": "index.js",
  	"scripts": {
  		"start": "node index",
  		"dev": "nodemon index"
  	},
  	"author": "Hassan",
  	"license": "ISC",
  	"dependencies": {
  		"bcrypt": "^5.0.1",
  		"body-parser": "^1.19.0",
  		"connect-session-sequelize": "^7.1.1",
  		"dotenv": "^10.0.0",
  		"express": "^4.17.1",
  		"express-session": "^1.17.2",
  		"multer": "^1.4.2",
  		"mysql": "^2.18.1",
  		"mysql2": "^2.2.5",
  		"nodemon": "^2.0.12",
  		"sequelize": "^6.6.5",
  		"sequelize-auto-migrations": "^1.0.3",
  		"sequelize-cli": "^6.2.0"
  	}
  }

yarn manifest: 
  No manifest

Lockfile: 
  No lockfile
